<?xml version="1.0" encoding="UTF-8"?>
<testsuite xmlns:xsi="http://www.w3.org/2001/XMLSchema-instance" xsi:noNamespaceSchemaLocation="https://maven.apache.org/surefire/maven-surefire-plugin/xsd/surefire-test-report.xsd" name="PasswordValidationTest" time="0.107" tests="6" errors="0" skipped="0" failures="0">
  <properties>
[...]
</properties>
  <testcase name="checkLength_WhenMinLengthEightThan_shouldReturnTrue" classname="PasswordValidationTest" time="0.044"/>
  <testcase name="isDigit_WhenNoDigitThan_shouldReturnFalse" classname="PasswordValidationTest" time="0.004"/>
  <testcase name="isPasswordValid_WhenLengthAndisDigitThan_shouldReturnTrue" classname="PasswordValidationTest" time="0.002"/>
  <testcase name="isPasswordValid_WhenLengthAndisDigitThan_shouldReturnFalse" classname="PasswordValidationTest" time="0.001"/>
  <testcase name="isDigit_WhenContainsMinOneDigitThan_shouldReturnTrue" classname="PasswordValidationTest" time="0.002"/>
  <testcase name="checkLength_WhenLengthEightThan_shouldReturnFalse" classname="PasswordValidationTest" time="0.001"/>
</testsuite>